<?xml version="1.0" encoding="UTF-8"?>
<testsuite name="Test" tests="3" skipped="0" failures="0" errors="0" timestamp="2022-05-31T15:14:02" hostname="Chronal.fritz.box" time="0.011">
  <properties/>
  <testcase name="my first test" classname="Test" time="0.007"/>
  <testcase name="Squares" classname="Test" time="0.0"/>
  <testcase name="Roots" classname="Test" time="0.002"/>
  <system-out><![CDATA[]]></system-out>
  <system-err><![CDATA[]]></system-err>
</testsuite>
